<?xml version="1.0" encoding="UTF-8"?>
<!-- Generated by org.testng.reporters.JUnitXMLReporter -->
<testsuite ignored="2" hostname="VIKRAMDIXITH-1XMZ1G2" failures="1" tests="2" name="Login and Active Screen Tests" time="7.019" errors="0" timestamp="2024-03-15T13:07:08 IST">
  <testcase classname="com.poc.atf.testscripts.LoginTestScripts" name="loginTest on [LoginTestScripts passed=0 failed=0 skipped=0]" time="3.572"/>
  <testcase classname="com.poc.atf.testscripts.ActiveTestScripts" name="activeScreenTest on [ActiveTestScripts passed=0 failed=0 skipped=0]" time="1.38">
    <failure type="java.lang.IllegalArgumentException" message="Keys to send should be a not null CharSequence">
      <![CDATA[java.lang.IllegalArgumentException: Keys to send should be a not null CharSequence
at org.openqa.selenium.remote.RemoteWebElement.sendKeys(RemoteWebElement.java:98)
at org.openqa.selenium.support.pagefactory.internal.LocatingElementHandler.invoke(LocatingElementHandler.java:52)
at jdk.proxy2/jdk.proxy2.$Proxy18.sendKeys(Unknown Source)
at com.poc.atf.services.ActiveScreenService.inputTypeField(ActiveScreenService.java:28)
at com.poc.atf.testscripts.ActiveTestScripts.activeScreenTest(ActiveTestScripts.java:33)
at java.base/java.util.ArrayList.forEach(ArrayList.java:1596)
... Removed 27 stack frames]]>
    </failure>
  </testcase> <!-- activeScreenTest on [ActiveTestScripts passed=0 failed=0 skipped=0] -->
  <testcase classname="util.BaseListener" name="@AfterSuite endReport" time="0.0">
    <ignored/>
  </testcase> <!-- @AfterSuite endReport -->
  <testcase classname="util.BaseListener" name="@BeforeSuite startReport" time="0.0">
    <ignored/>
  </testcase> <!-- @BeforeSuite startReport -->
</testsuite> <!-- Login and Active Screen Tests -->
