<?xml version="1.0" encoding="UTF-8"?>
<!-- Generated by org.testng.reporters.JUnitXMLReporter -->
<testsuite ignored="2" hostname="VIKRAMDIXITH-1XMZ1G2" failures="0" tests="2" name="TestSuite" time="175.154" errors="0" timestamp="2024-04-01T15:42:41 IST">
  <testcase classname="com.poc.atf.testscripts.ActiveTestScripts" name="activeScreenTest on [ActiveTestScripts passed=0 failed=0 skipped=0]" time="134.532"/>
  <testcase classname="com.poc.atf.testscripts.CreateDoTestScripts" name="CreateDOScreenTest on [CreateDoTestScripts passed=0 failed=0 skipped=0]" time="8.122"/>
  <testcase classname="util.BaseListener" name="@AfterSuite endReport" time="0.0">
    <ignored/>
  </testcase> <!-- @AfterSuite endReport -->
  <testcase classname="util.BaseListener" name="@BeforeSuite startReport" time="0.0">
    <ignored/>
  </testcase> <!-- @BeforeSuite startReport -->
</testsuite> <!-- TestSuite -->
